<?xml version="1.0" encoding="UTF-8"?>
<coverage generated="1719585949359" clover="3.2.0">
  <project timestamp="1719585949359" name="All files">
    <metrics statements="31" coveredstatements="10" conditionals="24" coveredconditionals="8" methods="9" coveredmethods="1" elements="64" coveredelements="19" complexity="0" loc="31" ncloc="31" packages="1" files="1" classes="1"/>
    <file name="FormField.tsx" path="/Users/colinclarke/CODE/cm-2/app/components/FormField/FormField.tsx">
      <metrics statements="31" coveredstatements="10" conditionals="24" coveredconditionals="8" methods="9" coveredmethods="1"/>
      <line num="28" count="1" type="stmt"/>
      <line num="38" count="1" type="stmt"/>
      <line num="39" count="1" type="stmt"/>
      <line num="41" count="1" type="stmt"/>
      <line num="42" count="0" type="stmt"/>
      <line num="45" count="1" type="stmt"/>
      <line num="46" count="0" type="stmt"/>
      <line num="49" count="1" type="stmt"/>
      <line num="54" count="1" type="cond" truecount="1" falsecount="1"/>
      <line num="55" count="1" type="stmt"/>
      <line num="56" count="0" type="cond" truecount="0" falsecount="2"/>
      <line num="57" count="0" type="stmt"/>
      <line num="58" count="0" type="cond" truecount="0" falsecount="2"/>
      <line num="59" count="0" type="stmt"/>
      <line num="62" count="1" type="stmt"/>
      <line num="63" count="0" type="stmt"/>
      <line num="65" count="0" type="cond" truecount="0" falsecount="2"/>
      <line num="66" count="0" type="stmt"/>
      <line num="67" count="0" type="stmt"/>
      <line num="71" count="0" type="stmt"/>
      <line num="75" count="0" type="cond" truecount="0" falsecount="2"/>
      <line num="76" count="0" type="stmt"/>
      <line num="77" count="0" type="stmt"/>
      <line num="81" count="0" type="stmt"/>
      <line num="85" count="0" type="cond" truecount="0" falsecount="2"/>
      <line num="86" count="0" type="stmt"/>
      <line num="87" count="0" type="stmt"/>
      <line num="91" count="0" type="stmt"/>
      <line num="96" count="1" type="stmt"/>
      <line num="126" count="0" type="stmt"/>
      <line num="131" count="0" type="stmt"/>
    </file>
  </project>
</coverage>
