{"/Users/colinclarke/CODE/Colet_Mentoring2/cm_2/app/components/IconGeneral.jsx": {"path":"/Users/colinclarke/CODE/Colet_Mentoring2/cm_2/app/components/IconGeneral.jsx","statementMap":{"0":{"start":{"line":4,"column":20},"end":{"line":13,"column":1}},"1":{"start":{"line":5,"column":2},"end":{"line":12,"column":4}}},"fnMap":{"0":{"name":"(anonymous_0)","decl":{"start":{"line":4,"column":20},"end":{"line":4,"column":21}},"loc":{"start":{"line":4,"column":42},"end":{"line":13,"column":1}},"line":4}},"branchMap":{},"s":{"0":2,"1":0},"f":{"0":0},"b":{},"_coverageSchema":"1a1c01bbd47fc00a2c39e90264f33305004495a9","hash":"d4b0641d9b48cdbc334ce0cc8368ff3f7a21a709"}
,"/Users/colinclarke/CODE/Colet_Mentoring2/cm_2/app/components/Auth/FormField/FormField.tsx": {"path":"/Users/colinclarke/CODE/Colet_Mentoring2/cm_2/app/components/Auth/FormField/FormField.tsx","statementMap":{"0":{"start":{"line":7,"column":32},"end":{"line":11,"column":1}},"1":{"start":{"line":35,"column":50},"end":{"line":155,"column":1}},"2":{"start":{"line":46,"column":36},"end":{"line":46,"column":51}},"3":{"start":{"line":47,"column":47},"end":{"line":47,"column":61}},"4":{"start":{"line":49,"column":22},"end":{"line":51,"column":3}},"5":{"start":{"line":50,"column":4},"end":{"line":50,"column":23}},"6":{"start":{"line":53,"column":21},"end":{"line":55,"column":3}},"7":{"start":{"line":54,"column":4},"end":{"line":54,"column":24}},"8":{"start":{"line":57,"column":56},"end":{"line":60,"column":3}},"9":{"start":{"line":62,"column":2},"end":{"line":68,"column":3}},"10":{"start":{"line":63,"column":4},"end":{"line":63,"column":30}},"11":{"start":{"line":64,"column":9},"end":{"line":68,"column":3}},"12":{"start":{"line":65,"column":4},"end":{"line":65,"column":27}},"13":{"start":{"line":66,"column":9},"end":{"line":68,"column":3}},"14":{"start":{"line":67,"column":4},"end":{"line":67,"column":26}},"15":{"start":{"line":70,"column":28},"end":{"line":104,"column":3}},"16":{"start":{"line":71,"column":4},"end":{"line":71,"column":28}},"17":{"start":{"line":73,"column":4},"end":{"line":73,"column":24}},"18":{"start":{"line":75,"column":4},"end":{"line":83,"column":5}},"19":{"start":{"line":76,"column":6},"end":{"line":82,"column":9}},"20":{"start":{"line":77,"column":26},"end":{"line":80,"column":9}},"21":{"start":{"line":81,"column":8},"end":{"line":81,"column":25}},"22":{"start":{"line":85,"column":4},"end":{"line":93,"column":5}},"23":{"start":{"line":86,"column":6},"end":{"line":92,"column":9}},"24":{"start":{"line":87,"column":26},"end":{"line":90,"column":9}},"25":{"start":{"line":91,"column":8},"end":{"line":91,"column":25}},"26":{"start":{"line":95,"column":4},"end":{"line":103,"column":5}},"27":{"start":{"line":96,"column":6},"end":{"line":102,"column":9}},"28":{"start":{"line":97,"column":26},"end":{"line":100,"column":9}},"29":{"start":{"line":101,"column":8},"end":{"line":101,"column":25}},"30":{"start":{"line":106,"column":2},"end":{"line":154,"column":4}},"31":{"start":{"line":136,"column":12},"end":{"line":136,"column":37}},"32":{"start":{"line":141,"column":37},"end":{"line":141,"column":72}}},"fnMap":{"0":{"name":"(anonymous_0)","decl":{"start":{"line":35,"column":50},"end":{"line":35,"column":51}},"loc":{"start":{"line":45,"column":6},"end":{"line":155,"column":1}},"line":45},"1":{"name":"(anonymous_1)","decl":{"start":{"line":49,"column":22},"end":{"line":49,"column":23}},"loc":{"start":{"line":49,"column":28},"end":{"line":51,"column":3}},"line":49},"2":{"name":"(anonymous_2)","decl":{"start":{"line":53,"column":21},"end":{"line":53,"column":22}},"loc":{"start":{"line":53,"column":27},"end":{"line":55,"column":3}},"line":53},"3":{"name":"(anonymous_3)","decl":{"start":{"line":70,"column":28},"end":{"line":70,"column":29}},"loc":{"start":{"line":70,"column":44},"end":{"line":104,"column":3}},"line":70},"4":{"name":"(anonymous_4)","decl":{"start":{"line":76,"column":15},"end":{"line":76,"column":16}},"loc":{"start":{"line":76,"column":31},"end":{"line":82,"column":7}},"line":76},"5":{"name":"(anonymous_5)","decl":{"start":{"line":86,"column":15},"end":{"line":86,"column":16}},"loc":{"start":{"line":86,"column":31},"end":{"line":92,"column":7}},"line":86},"6":{"name":"(anonymous_6)","decl":{"start":{"line":96,"column":15},"end":{"line":96,"column":16}},"loc":{"start":{"line":96,"column":31},"end":{"line":102,"column":7}},"line":96},"7":{"name":"(anonymous_7)","decl":{"start":{"line":135,"column":24},"end":{"line":135,"column":25}},"loc":{"start":{"line":135,"column":35},"end":{"line":137,"column":11}},"line":135},"8":{"name":"(anonymous_8)","decl":{"start":{"line":141,"column":31},"end":{"line":141,"column":32}},"loc":{"start":{"line":141,"column":37},"end":{"line":141,"column":72}},"line":141}},"branchMap":{"0":{"loc":{"start":{"line":62,"column":2},"end":{"line":68,"column":3}},"type":"if","locations":[{"start":{"line":62,"column":2},"end":{"line":68,"column":3}},{"start":{"line":64,"column":9},"end":{"line":68,"column":3}}],"line":62},"1":{"loc":{"start":{"line":64,"column":9},"end":{"line":68,"column":3}},"type":"if","locations":[{"start":{"line":64,"column":9},"end":{"line":68,"column":3}},{"start":{"line":66,"column":9},"end":{"line":68,"column":3}}],"line":64},"2":{"loc":{"start":{"line":66,"column":9},"end":{"line":68,"column":3}},"type":"if","locations":[{"start":{"line":66,"column":9},"end":{"line":68,"column":3}},{"start":{},"end":{}}],"line":66},"3":{"loc":{"start":{"line":75,"column":4},"end":{"line":83,"column":5}},"type":"if","locations":[{"start":{"line":75,"column":4},"end":{"line":83,"column":5}},{"start":{},"end":{}}],"line":75},"4":{"loc":{"start":{"line":85,"column":4},"end":{"line":93,"column":5}},"type":"if","locations":[{"start":{"line":85,"column":4},"end":{"line":93,"column":5}},{"start":{},"end":{}}],"line":85},"5":{"loc":{"start":{"line":95,"column":4},"end":{"line":103,"column":5}},"type":"if","locations":[{"start":{"line":95,"column":4},"end":{"line":103,"column":5}},{"start":{},"end":{}}],"line":95},"6":{"loc":{"start":{"line":110,"column":10},"end":{"line":114,"column":27}},"type":"cond-expr","locations":[{"start":{"line":111,"column":14},"end":{"line":111,"column":36}},{"start":{"line":112,"column":14},"end":{"line":114,"column":27}}],"line":110},"7":{"loc":{"start":{"line":112,"column":14},"end":{"line":114,"column":27}},"type":"cond-expr","locations":[{"start":{"line":113,"column":14},"end":{"line":113,"column":37}},{"start":{"line":114,"column":14},"end":{"line":114,"column":27}}],"line":112},"8":{"loc":{"start":{"line":123,"column":27},"end":{"line":123,"column":72}},"type":"cond-expr","locations":[{"start":{"line":123,"column":49},"end":{"line":123,"column":64}},{"start":{"line":123,"column":67},"end":{"line":123,"column":72}}],"line":123},"9":{"loc":{"start":{"line":140,"column":9},"end":{"line":148,"column":9}},"type":"binary-expr","locations":[{"start":{"line":140,"column":9},"end":{"line":140,"column":28}},{"start":{"line":141,"column":10},"end":{"line":147,"column":23}}],"line":140},"10":{"loc":{"start":{"line":142,"column":13},"end":{"line":146,"column":13}},"type":"cond-expr","locations":[{"start":{"line":143,"column":14},"end":{"line":143,"column":69}},{"start":{"line":145,"column":14},"end":{"line":145,"column":73}}],"line":142},"11":{"loc":{"start":{"line":150,"column":7},"end":{"line":152,"column":7}},"type":"binary-expr","locations":[{"start":{"line":150,"column":7},"end":{"line":150,"column":24}},{"start":{},"end":{}}],"line":150}},"s":{"0":1,"1":1,"2":1,"3":1,"4":1,"5":0,"6":1,"7":0,"8":1,"9":1,"10":1,"11":0,"12":0,"13":0,"14":0,"15":1,"16":0,"17":0,"18":0,"19":0,"20":0,"21":0,"22":0,"23":0,"24":0,"25":0,"26":0,"27":0,"28":0,"29":0,"30":1,"31":0,"32":0},"f":{"0":1,"1":0,"2":0,"3":0,"4":0,"5":0,"6":0,"7":0,"8":0},"b":{"0":[1,0],"1":[0,0],"2":[0,0],"3":[0,0],"4":[0,0],"5":[0,0],"6":[0,1],"7":[0,1],"8":[1,0],"9":[1,1],"10":[0,1],"11":[1,0]},"_coverageSchema":"1a1c01bbd47fc00a2c39e90264f33305004495a9","hash":"be6b4a012e8846467d178fcd6873a0dbd7d2cc20"}
,"/Users/colinclarke/CODE/Colet_Mentoring2/cm_2/app/components/Auth/firebaseAuthMessages/editFirebaseAuthMessage.ts": {"path":"/Users/colinclarke/CODE/Colet_Mentoring2/cm_2/app/components/Auth/firebaseAuthMessages/editFirebaseAuthMessage.ts","statementMap":{"0":{"start":{"line":1,"column":35},"end":{"line":26,"column":1}},"1":{"start":{"line":3,"column":2},"end":{"line":4,"column":60}},"2":{"start":{"line":4,"column":4},"end":{"line":4,"column":60}},"3":{"start":{"line":5,"column":2},"end":{"line":8,"column":3}},"4":{"start":{"line":6,"column":4},"end":{"line":7,"column":81}},"5":{"start":{"line":12,"column":2},"end":{"line":14,"column":3}},"6":{"start":{"line":13,"column":4},"end":{"line":13,"column":40}},"7":{"start":{"line":16,"column":2},"end":{"line":23,"column":3}},"8":{"start":{"line":21,"column":4},"end":{"line":22,"column":91}},"9":{"start":{"line":25,"column":2},"end":{"line":25,"column":13}}},"fnMap":{"0":{"name":"(anonymous_0)","decl":{"start":{"line":1,"column":35},"end":{"line":1,"column":36}},"loc":{"start":{"line":1,"column":52},"end":{"line":26,"column":1}},"line":1}},"branchMap":{"0":{"loc":{"start":{"line":3,"column":2},"end":{"line":4,"column":60}},"type":"if","locations":[{"start":{"line":3,"column":2},"end":{"line":4,"column":60}},{"start":{},"end":{}}],"line":3},"1":{"loc":{"start":{"line":5,"column":2},"end":{"line":8,"column":3}},"type":"if","locations":[{"start":{"line":5,"column":2},"end":{"line":8,"column":3}},{"start":{},"end":{}}],"line":5},"2":{"loc":{"start":{"line":12,"column":2},"end":{"line":14,"column":3}},"type":"if","locations":[{"start":{"line":12,"column":2},"end":{"line":14,"column":3}},{"start":{},"end":{}}],"line":12},"3":{"loc":{"start":{"line":16,"column":2},"end":{"line":23,"column":3}},"type":"if","locations":[{"start":{"line":16,"column":2},"end":{"line":23,"column":3}},{"start":{},"end":{}}],"line":16}},"s":{"0":1,"1":4,"2":1,"3":4,"4":1,"5":4,"6":1,"7":4,"8":0,"9":4},"f":{"0":4},"b":{"0":[1,3],"1":[1,3],"2":[1,3],"3":[0,4]},"_coverageSchema":"1a1c01bbd47fc00a2c39e90264f33305004495a9","hash":"66f8879bed57e557e6ff6386c1f91f234558c281"}
,"/Users/colinclarke/CODE/Colet_Mentoring2/cm_2/app/components/Auth/validateInputs/validateInputs.ts": {"path":"/Users/colinclarke/CODE/Colet_Mentoring2/cm_2/app/components/Auth/validateInputs/validateInputs.ts","statementMap":{"0":{"start":{"line":19,"column":30},"end":{"line":65,"column":1}},"1":{"start":{"line":23,"column":18},"end":{"line":27,"column":3}},"2":{"start":{"line":29,"column":17},"end":{"line":58,"column":4}},"3":{"start":{"line":30,"column":4},"end":{"line":35,"column":5}},"4":{"start":{"line":31,"column":6},"end":{"line":34,"column":9}},"5":{"start":{"line":36,"column":4},"end":{"line":41,"column":5}},"6":{"start":{"line":37,"column":6},"end":{"line":40,"column":9}},"7":{"start":{"line":43,"column":4},"end":{"line":56,"column":5}},"8":{"start":{"line":44,"column":6},"end":{"line":47,"column":9}},"9":{"start":{"line":48,"column":11},"end":{"line":56,"column":5}},"10":{"start":{"line":52,"column":6},"end":{"line":55,"column":9}},"11":{"start":{"line":57,"column":4},"end":{"line":57,"column":16}},"12":{"start":{"line":60,"column":2},"end":{"line":60,"column":23}},"13":{"start":{"line":62,"column":36},"end":{"line":62,"column":45}},"14":{"start":{"line":64,"column":2},"end":{"line":64,"column":66}},"15":{"start":{"line":64,"column":50},"end":{"line":64,"column":64}}},"fnMap":{"0":{"name":"(anonymous_0)","decl":{"start":{"line":19,"column":30},"end":{"line":19,"column":31}},"loc":{"start":{"line":22,"column":5},"end":{"line":65,"column":1}},"line":22},"1":{"name":"(anonymous_1)","decl":{"start":{"line":29,"column":36},"end":{"line":29,"column":37}},"loc":{"start":{"line":29,"column":49},"end":{"line":58,"column":3}},"line":29},"2":{"name":"(anonymous_2)","decl":{"start":{"line":64,"column":39},"end":{"line":64,"column":40}},"loc":{"start":{"line":64,"column":50},"end":{"line":64,"column":64}},"line":64}},"branchMap":{"0":{"loc":{"start":{"line":30,"column":4},"end":{"line":35,"column":5}},"type":"if","locations":[{"start":{"line":30,"column":4},"end":{"line":35,"column":5}},{"start":{},"end":{}}],"line":30},"1":{"loc":{"start":{"line":30,"column":8},"end":{"line":30,"column":55}},"type":"binary-expr","locations":[{"start":{"line":30,"column":8},"end":{"line":30,"column":31}},{"start":{"line":30,"column":35},"end":{"line":30,"column":55}}],"line":30},"2":{"loc":{"start":{"line":36,"column":4},"end":{"line":41,"column":5}},"type":"if","locations":[{"start":{"line":36,"column":4},"end":{"line":41,"column":5}},{"start":{},"end":{}}],"line":36},"3":{"loc":{"start":{"line":36,"column":8},"end":{"line":36,"column":59}},"type":"binary-expr","locations":[{"start":{"line":36,"column":8},"end":{"line":36,"column":35}},{"start":{"line":36,"column":39},"end":{"line":36,"column":59}}],"line":36},"4":{"loc":{"start":{"line":43,"column":4},"end":{"line":56,"column":5}},"type":"if","locations":[{"start":{"line":43,"column":4},"end":{"line":56,"column":5}},{"start":{"line":48,"column":11},"end":{"line":56,"column":5}}],"line":43},"5":{"loc":{"start":{"line":43,"column":8},"end":{"line":43,"column":56}},"type":"binary-expr","locations":[{"start":{"line":43,"column":8},"end":{"line":43,"column":32}},{"start":{"line":43,"column":36},"end":{"line":43,"column":56}}],"line":43},"6":{"loc":{"start":{"line":48,"column":11},"end":{"line":56,"column":5}},"type":"if","locations":[{"start":{"line":48,"column":11},"end":{"line":56,"column":5}},{"start":{},"end":{}}],"line":48},"7":{"loc":{"start":{"line":49,"column":6},"end":{"line":50,"column":51}},"type":"binary-expr","locations":[{"start":{"line":49,"column":6},"end":{"line":49,"column":30}},{"start":{"line":50,"column":6},"end":{"line":50,"column":51}}],"line":49}},"s":{"0":1,"1":4,"2":4,"3":11,"4":1,"5":10,"6":1,"7":9,"8":1,"9":8,"10":1,"11":7,"12":4,"13":4,"14":4,"15":9},"f":{"0":4,"1":11,"2":9},"b":{"0":[1,10],"1":[11,3],"2":[1,9],"3":[10,4],"4":[1,8],"5":[9,4],"6":[1,7],"7":[8,3]},"_coverageSchema":"1a1c01bbd47fc00a2c39e90264f33305004495a9","hash":"f795c72d7b811bd2bbd3276360c1bc67457cb49e"}
,"/Users/colinclarke/CODE/Colet_Mentoring2/cm_2/app/components/Buttons/CustomButton.tsx": {"path":"/Users/colinclarke/CODE/Colet_Mentoring2/cm_2/app/components/Buttons/CustomButton.tsx","statementMap":{"0":{"start":{"line":12,"column":50},"end":{"line":43,"column":1}},"1":{"start":{"line":19,"column":2},"end":{"line":42,"column":4}},"2":{"start":{"line":24,"column":8},"end":{"line":24,"column":22}}},"fnMap":{"0":{"name":"(anonymous_0)","decl":{"start":{"line":12,"column":50},"end":{"line":12,"column":51}},"loc":{"start":{"line":18,"column":6},"end":{"line":43,"column":1}},"line":18},"1":{"name":"(anonymous_1)","decl":{"start":{"line":23,"column":15},"end":{"line":23,"column":16}},"loc":{"start":{"line":23,"column":21},"end":{"line":25,"column":7}},"line":23}},"branchMap":{"0":{"loc":{"start":{"line":27,"column":8},"end":{"line":27,"column":37}},"type":"cond-expr","locations":[{"start":{"line":27,"column":20},"end":{"line":27,"column":32}},{"start":{"line":27,"column":35},"end":{"line":27,"column":37}}],"line":27},"1":{"loc":{"start":{"line":31,"column":7},"end":{"line":40,"column":7}},"type":"cond-expr","locations":[{"start":{"line":32,"column":8},"end":{"line":32,"column":29}},{"start":{},"end":{}}],"line":31}},"s":{"0":1,"1":5,"2":1},"f":{"0":5,"1":1},"b":{"0":[1,4],"1":[1,4]},"_coverageSchema":"1a1c01bbd47fc00a2c39e90264f33305004495a9","hash":"4766f4409d3262057faa1f26b7578dca5b58be20"}
,"/Users/colinclarke/CODE/Colet_Mentoring2/cm_2/app/components/Buttons/ExitButton.jsx": {"path":"/Users/colinclarke/CODE/Colet_Mentoring2/cm_2/app/components/Buttons/ExitButton.jsx","statementMap":{"0":{"start":{"line":7,"column":19},"end":{"line":21,"column":1}},"1":{"start":{"line":8,"column":2},"end":{"line":20,"column":4}},"2":{"start":{"line":12,"column":8},"end":{"line":12,"column":29}},"3":{"start":{"line":14,"column":8},"end":{"line":16,"column":9}},"4":{"start":{"line":15,"column":10},"end":{"line":15,"column":29}}},"fnMap":{"0":{"name":"(anonymous_0)","decl":{"start":{"line":7,"column":19},"end":{"line":7,"column":20}},"loc":{"start":{"line":7,"column":60},"end":{"line":21,"column":1}},"line":7},"1":{"name":"(anonymous_1)","decl":{"start":{"line":11,"column":19},"end":{"line":11,"column":20}},"loc":{"start":{"line":11,"column":25},"end":{"line":17,"column":7}},"line":11}},"branchMap":{"0":{"loc":{"start":{"line":14,"column":8},"end":{"line":16,"column":9}},"type":"if","locations":[{"start":{"line":14,"column":8},"end":{"line":16,"column":9}},{"start":{},"end":{}}],"line":14}},"s":{"0":1,"1":3,"2":3,"3":3,"4":1},"f":{"0":3,"1":3},"b":{"0":[1,2]},"_coverageSchema":"1a1c01bbd47fc00a2c39e90264f33305004495a9","hash":"83c5beea55d7781e85b460d9e3e6cb7483c44b80"}
,"/Users/colinclarke/CODE/Colet_Mentoring2/cm_2/app/components/Buttons/IconButton.tsx": {"path":"/Users/colinclarke/CODE/Colet_Mentoring2/cm_2/app/components/Buttons/IconButton.tsx","statementMap":{"0":{"start":{"line":15,"column":46},"end":{"line":52,"column":1}},"1":{"start":{"line":25,"column":2},"end":{"line":51,"column":4}},"2":{"start":{"line":31,"column":8},"end":{"line":31,"column":22}}},"fnMap":{"0":{"name":"(anonymous_0)","decl":{"start":{"line":15,"column":46},"end":{"line":15,"column":47}},"loc":{"start":{"line":24,"column":6},"end":{"line":52,"column":1}},"line":24},"1":{"name":"(anonymous_1)","decl":{"start":{"line":30,"column":15},"end":{"line":30,"column":16}},"loc":{"start":{"line":30,"column":21},"end":{"line":32,"column":7}},"line":30}},"branchMap":{"0":{"loc":{"start":{"line":34,"column":8},"end":{"line":34,"column":44}},"type":"cond-expr","locations":[{"start":{"line":34,"column":19},"end":{"line":34,"column":32}},{"start":{"line":34,"column":35},"end":{"line":34,"column":44}}],"line":34},"1":{"loc":{"start":{"line":36,"column":8},"end":{"line":36,"column":37}},"type":"cond-expr","locations":[{"start":{"line":36,"column":20},"end":{"line":36,"column":32}},{"start":{"line":36,"column":35},"end":{"line":36,"column":37}}],"line":36},"2":{"loc":{"start":{"line":40,"column":7},"end":{"line":46,"column":7}},"type":"cond-expr","locations":[{"start":{"line":41,"column":8},"end":{"line":41,"column":29}},{"start":{},"end":{}}],"line":40},"3":{"loc":{"start":{"line":47,"column":7},"end":{"line":49,"column":7}},"type":"binary-expr","locations":[{"start":{"line":47,"column":7},"end":{"line":47,"column":12}},{"start":{"line":47,"column":16},"end":{"line":47,"column":26}},{"start":{},"end":{}}],"line":47}},"s":{"0":5,"1":31,"2":11},"f":{"0":31,"1":11},"b":{"0":[2,29],"1":[2,29],"2":[2,29],"3":[31,6,5]},"_coverageSchema":"1a1c01bbd47fc00a2c39e90264f33305004495a9","hash":"ad1e64d8dd3840d4c256536198d3a181ffa2d25d"}
,"/Users/colinclarke/CODE/Colet_Mentoring2/cm_2/app/components/Buttons/ToggleScrollSelectionButton.jsx": {"path":"/Users/colinclarke/CODE/Colet_Mentoring2/cm_2/app/components/Buttons/ToggleScrollSelectionButton.jsx","statementMap":{"0":{"start":{"line":6,"column":36},"end":{"line":25,"column":1}},"1":{"start":{"line":12,"column":2},"end":{"line":24,"column":4}},"2":{"start":{"line":20,"column":8},"end":{"line":20,"column":36}},"3":{"start":{"line":20,"column":29},"end":{"line":20,"column":34}},"4":{"start":{"line":21,"column":8},"end":{"line":21,"column":63}}},"fnMap":{"0":{"name":"(anonymous_0)","decl":{"start":{"line":6,"column":36},"end":{"line":6,"column":37}},"loc":{"start":{"line":11,"column":6},"end":{"line":25,"column":1}},"line":11},"1":{"name":"(anonymous_1)","decl":{"start":{"line":19,"column":19},"end":{"line":19,"column":20}},"loc":{"start":{"line":19,"column":25},"end":{"line":22,"column":7}},"line":19},"2":{"name":"(anonymous_2)","decl":{"start":{"line":20,"column":19},"end":{"line":20,"column":20}},"loc":{"start":{"line":20,"column":29},"end":{"line":20,"column":34}},"line":20}},"branchMap":{"0":{"loc":{"start":{"line":16,"column":8},"end":{"line":16,"column":62}},"type":"cond-expr","locations":[{"start":{"line":16,"column":30},"end":{"line":16,"column":44}},{"start":{"line":16,"column":47},"end":{"line":16,"column":62}}],"line":16},"1":{"loc":{"start":{"line":18,"column":12},"end":{"line":18,"column":76}},"type":"cond-expr","locations":[{"start":{"line":18,"column":22},"end":{"line":18,"column":69}},{"start":{"line":18,"column":72},"end":{"line":18,"column":76}}],"line":18}},"s":{"0":3,"1":20,"2":7,"3":6,"4":7},"f":{"0":20,"1":7,"2":6},"b":{"0":[8,12],"1":[7,13]},"_coverageSchema":"1a1c01bbd47fc00a2c39e90264f33305004495a9","hash":"7bb297508a92d158a1bc9ce59482886d1c6e8d97"}
,"/Users/colinclarke/CODE/Colet_Mentoring2/cm_2/app/components/Chats/Chatroom/ConversationSuggestions/ConversationSuggestions.jsx": {"path":"/Users/colinclarke/CODE/Colet_Mentoring2/cm_2/app/components/Chats/Chatroom/ConversationSuggestions/ConversationSuggestions.jsx","statementMap":{"0":{"start":{"line":14,"column":32},"end":{"line":66,"column":1}},"1":{"start":{"line":15,"column":27},"end":{"line":15,"column":40}},"2":{"start":{"line":16,"column":26},"end":{"line":16,"column":35}},"3":{"start":{"line":17,"column":48},"end":{"line":17,"column":63}},"4":{"start":{"line":19,"column":18},"end":{"line":19,"column":30}},"5":{"start":{"line":21,"column":32},"end":{"line":30,"column":3}},"6":{"start":{"line":22,"column":4},"end":{"line":22,"column":38}},"7":{"start":{"line":24,"column":4},"end":{"line":28,"column":6}},"8":{"start":{"line":29,"column":4},"end":{"line":29,"column":30}},"9":{"start":{"line":33,"column":4},"end":{"line":35,"column":30}},"10":{"start":{"line":37,"column":2},"end":{"line":65,"column":4}},"11":{"start":{"line":55,"column":14},"end":{"line":59,"column":16}},"12":{"start":{"line":70,"column":15},"end":{"line":82,"column":1}},"13":{"start":{"line":71,"column":2},"end":{"line":81,"column":4}},"14":{"start":{"line":74,"column":21},"end":{"line":74,"column":54}}},"fnMap":{"0":{"name":"(anonymous_0)","decl":{"start":{"line":14,"column":32},"end":{"line":14,"column":33}},"loc":{"start":{"line":14,"column":38},"end":{"line":66,"column":1}},"line":14},"1":{"name":"(anonymous_1)","decl":{"start":{"line":21,"column":32},"end":{"line":21,"column":33}},"loc":{"start":{"line":21,"column":54},"end":{"line":30,"column":3}},"line":21},"2":{"name":"(anonymous_2)","decl":{"start":{"line":54,"column":29},"end":{"line":54,"column":30}},"loc":{"start":{"line":55,"column":14},"end":{"line":59,"column":16}},"line":55},"3":{"name":"(anonymous_3)","decl":{"start":{"line":70,"column":15},"end":{"line":70,"column":16}},"loc":{"start":{"line":70,"column":58},"end":{"line":82,"column":1}},"line":70},"4":{"name":"(anonymous_4)","decl":{"start":{"line":74,"column":15},"end":{"line":74,"column":16}},"loc":{"start":{"line":74,"column":21},"end":{"line":74,"column":54}},"line":74}},"branchMap":{"0":{"loc":{"start":{"line":33,"column":4},"end":{"line":35,"column":30}},"type":"cond-expr","locations":[{"start":{"line":34,"column":8},"end":{"line":34,"column":30}},{"start":{"line":35,"column":8},"end":{"line":35,"column":30}}],"line":33},"1":{"loc":{"start":{"line":47,"column":7},"end":{"line":63,"column":7}},"type":"binary-expr","locations":[{"start":{"line":47,"column":7},"end":{"line":47,"column":22}},{"start":{"line":48,"column":8},"end":{"line":62,"column":21}}],"line":47}},"s":{"0":1,"1":9,"2":9,"3":9,"4":9,"5":9,"6":1,"7":1,"8":1,"9":9,"10":9,"11":52,"12":1,"13":52,"14":1},"f":{"0":9,"1":1,"2":52,"3":52,"4":1},"b":{"0":[8,1],"1":[9,4]},"_coverageSchema":"1a1c01bbd47fc00a2c39e90264f33305004495a9","hash":"8c8485b6067ecec1de926dd5728ce01ef37cb21b"}
,"/Users/colinclarke/CODE/Colet_Mentoring2/cm_2/app/components/Chats/Chatroom/ConversationSuggestions/convoSuggestions.js": {"path":"/Users/colinclarke/CODE/Colet_Mentoring2/cm_2/app/components/Chats/Chatroom/ConversationSuggestions/convoSuggestions.js","statementMap":{"0":{"start":{"line":1,"column":38},"end":{"line":62,"column":1}},"1":{"start":{"line":64,"column":38},"end":{"line":148,"column":1}}},"fnMap":{},"branchMap":{},"s":{"0":1,"1":1},"f":{},"b":{},"_coverageSchema":"1a1c01bbd47fc00a2c39e90264f33305004495a9","hash":"ac92a0d092181cc3bef95e30318c09964ec772af"}
,"/Users/colinclarke/CODE/Colet_Mentoring2/cm_2/app/components/Chats/Chatroom/LiveComplements/ComplementMessage.jsx": {"path":"/Users/colinclarke/CODE/Colet_Mentoring2/cm_2/app/components/Chats/Chatroom/LiveComplements/ComplementMessage.jsx","statementMap":{"0":{"start":{"line":7,"column":26},"end":{"line":37,"column":1}},"1":{"start":{"line":8,"column":19},"end":{"line":10,"column":3}},"2":{"start":{"line":9,"column":14},"end":{"line":9,"column":41}},"3":{"start":{"line":11,"column":21},"end":{"line":11,"column":32}},"4":{"start":{"line":12,"column":2},"end":{"line":36,"column":4}}},"fnMap":{"0":{"name":"(anonymous_0)","decl":{"start":{"line":7,"column":26},"end":{"line":7,"column":27}},"loc":{"start":{"line":7,"column":43},"end":{"line":37,"column":1}},"line":7},"1":{"name":"(anonymous_1)","decl":{"start":{"line":9,"column":4},"end":{"line":9,"column":5}},"loc":{"start":{"line":9,"column":14},"end":{"line":9,"column":41}},"line":9}},"branchMap":{"0":{"loc":{"start":{"line":21,"column":9},"end":{"line":33,"column":9}},"type":"binary-expr","locations":[{"start":{"line":21,"column":9},"end":{"line":21,"column":19}},{"start":{"line":22,"column":10},"end":{"line":32,"column":13}}],"line":21}},"s":{"0":1,"1":3,"2":42,"3":3,"4":3},"f":{"0":3,"1":42},"b":{"0":[3,2]},"_coverageSchema":"1a1c01bbd47fc00a2c39e90264f33305004495a9","hash":"1c55724ea5220a40d89d02f71bed75e285279209"}
,"/Users/colinclarke/CODE/Colet_Mentoring2/cm_2/app/components/Chats/Chatroom/LiveComplements/LiveComplementSelector.jsx": {"path":"/Users/colinclarke/CODE/Colet_Mentoring2/cm_2/app/components/Chats/Chatroom/LiveComplements/LiveComplementSelector.jsx","statementMap":{"0":{"start":{"line":11,"column":31},"end":{"line":95,"column":1}},"1":{"start":{"line":12,"column":26},"end":{"line":12,"column":35}},"2":{"start":{"line":13,"column":27},"end":{"line":13,"column":40}},"3":{"start":{"line":16,"column":4},"end":{"line":16,"column":19}},"4":{"start":{"line":18,"column":62},"end":{"line":18,"column":74}},"5":{"start":{"line":20,"column":23},"end":{"line":20,"column":27}},"6":{"start":{"line":21,"column":13},"end":{"line":21,"column":25}},"7":{"start":{"line":23,"column":23},"end":{"line":40,"column":3}},"8":{"start":{"line":24,"column":4},"end":{"line":24,"column":42}},"9":{"start":{"line":26,"column":17},"end":{"line":26,"column":27}},"10":{"start":{"line":27,"column":4},"end":{"line":27,"column":40}},"11":{"start":{"line":28,"column":4},"end":{"line":39,"column":5}},"12":{"start":{"line":29,"column":6},"end":{"line":35,"column":8}},"13":{"start":{"line":36,"column":6},"end":{"line":36,"column":80}},"14":{"start":{"line":38,"column":6},"end":{"line":38,"column":34}},"15":{"start":{"line":42,"column":2},"end":{"line":94,"column":4}},"16":{"start":{"line":59,"column":16},"end":{"line":87,"column":18}},"17":{"start":{"line":63,"column":22},"end":{"line":63,"column":53}}},"fnMap":{"0":{"name":"(anonymous_0)","decl":{"start":{"line":11,"column":31},"end":{"line":11,"column":32}},"loc":{"start":{"line":11,"column":37},"end":{"line":95,"column":1}},"line":11},"1":{"name":"(anonymous_1)","decl":{"start":{"line":23,"column":23},"end":{"line":23,"column":24}},"loc":{"start":{"line":23,"column":45},"end":{"line":40,"column":3}},"line":23},"2":{"name":"(anonymous_2)","decl":{"start":{"line":58,"column":37},"end":{"line":58,"column":38}},"loc":{"start":{"line":58,"column":53},"end":{"line":88,"column":15}},"line":58},"3":{"name":"(anonymous_3)","decl":{"start":{"line":62,"column":29},"end":{"line":62,"column":30}},"loc":{"start":{"line":62,"column":35},"end":{"line":64,"column":21}},"line":62}},"branchMap":{"0":{"loc":{"start":{"line":43,"column":4},"end":{"line":93,"column":5}},"type":"binary-expr","locations":[{"start":{"line":43,"column":4},"end":{"line":43,"column":33}},{"start":{"line":44,"column":6},"end":{"line":92,"column":9}}],"line":43},"1":{"loc":{"start":{"line":51,"column":9},"end":{"line":91,"column":9}},"type":"binary-expr","locations":[{"start":{"line":51,"column":9},"end":{"line":51,"column":34}},{"start":{},"end":{}}],"line":51},"2":{"loc":{"start":{"line":66,"column":22},"end":{"line":68,"column":28}},"type":"cond-expr","locations":[{"start":{"line":67,"column":26},"end":{"line":67,"column":37}},{"start":{"line":68,"column":26},"end":{"line":68,"column":28}}],"line":66},"3":{"loc":{"start":{"line":79,"column":24},"end":{"line":81,"column":30}},"type":"cond-expr","locations":[{"start":{"line":80,"column":28},"end":{"line":80,"column":40}},{"start":{"line":81,"column":28},"end":{"line":81,"column":30}}],"line":79}},"s":{"0":1,"1":7,"2":7,"3":7,"4":7,"5":7,"6":7,"7":7,"8":1,"9":1,"10":1,"11":1,"12":1,"13":1,"14":0,"15":7,"16":28,"17":1},"f":{"0":7,"1":1,"2":28,"3":1},"b":{"0":[7,6],"1":[6,2],"2":[0,28],"3":[0,28]},"_coverageSchema":"1a1c01bbd47fc00a2c39e90264f33305004495a9","hash":"6f45fbe2a3bbb5b58ef88408261a51a739d1b007"}
,"/Users/colinclarke/CODE/Colet_Mentoring2/cm_2/app/components/Chats/Chatroom/Messaging/EmojiSelector.jsx": {"path":"/Users/colinclarke/CODE/Colet_Mentoring2/cm_2/app/components/Chats/Chatroom/Messaging/EmojiSelector.jsx","statementMap":{"0":{"start":{"line":5,"column":18},"end":{"line":27,"column":1}},"1":{"start":{"line":29,"column":20},"end":{"line":60,"column":1}},"2":{"start":{"line":30,"column":22},"end":{"line":32,"column":3}},"3":{"start":{"line":31,"column":4},"end":{"line":31,"column":36}},"4":{"start":{"line":31,"column":22},"end":{"line":31,"column":34}},"5":{"start":{"line":34,"column":2},"end":{"line":59,"column":4}},"6":{"start":{"line":45,"column":14},"end":{"line":53,"column":16}},"7":{"start":{"line":47,"column":33},"end":{"line":47,"column":51}}},"fnMap":{"0":{"name":"(anonymous_0)","decl":{"start":{"line":29,"column":20},"end":{"line":29,"column":21}},"loc":{"start":{"line":29,"column":59},"end":{"line":60,"column":1}},"line":29},"1":{"name":"(anonymous_1)","decl":{"start":{"line":30,"column":22},"end":{"line":30,"column":23}},"loc":{"start":{"line":30,"column":33},"end":{"line":32,"column":3}},"line":30},"2":{"name":"(anonymous_2)","decl":{"start":{"line":31,"column":12},"end":{"line":31,"column":13}},"loc":{"start":{"line":31,"column":22},"end":{"line":31,"column":34}},"line":31},"3":{"name":"(anonymous_3)","decl":{"start":{"line":44,"column":27},"end":{"line":44,"column":28}},"loc":{"start":{"line":44,"column":45},"end":{"line":54,"column":13}},"line":44},"4":{"name":"(anonymous_4)","decl":{"start":{"line":47,"column":27},"end":{"line":47,"column":28}},"loc":{"start":{"line":47,"column":33},"end":{"line":47,"column":51}},"line":47}},"branchMap":{"0":{"loc":{"start":{"line":35,"column":4},"end":{"line":58,"column":5}},"type":"binary-expr","locations":[{"start":{"line":35,"column":4},"end":{"line":35,"column":24}},{"start":{},"end":{}}],"line":35}},"s":{"0":1,"1":1,"2":4,"3":1,"4":1,"5":4,"6":63,"7":1},"f":{"0":4,"1":1,"2":1,"3":63,"4":1},"b":{"0":[4,3]},"_coverageSchema":"1a1c01bbd47fc00a2c39e90264f33305004495a9","hash":"80b0537d083d4933a83ae6efe07b297c53f084d4"}
,"/Users/colinclarke/CODE/Colet_Mentoring2/cm_2/app/components/Chats/EndOfSession/ReviewForMentor/ComplementSelections.jsx": {"path":"/Users/colinclarke/CODE/Colet_Mentoring2/cm_2/app/components/Chats/EndOfSession/ReviewForMentor/ComplementSelections.jsx","statementMap":{"0":{"start":{"line":25,"column":33},"end":{"line":58,"column":1}},"1":{"start":{"line":60,"column":33},"end":{"line":131,"column":1}},"2":{"start":{"line":133,"column":35},"end":{"line":175,"column":1}},"3":{"start":{"line":138,"column":34},"end":{"line":138,"column":49}},"4":{"start":{"line":140,"column":26},"end":{"line":159,"column":3}},"5":{"start":{"line":142,"column":6},"end":{"line":142,"column":56}},"6":{"start":{"line":144,"column":4},"end":{"line":158,"column":7}},"7":{"start":{"line":145,"column":6},"end":{"line":157,"column":7}},"8":{"start":{"line":146,"column":8},"end":{"line":151,"column":10}},"9":{"start":{"line":149,"column":32},"end":{"line":149,"column":60}},"10":{"start":{"line":153,"column":8},"end":{"line":156,"column":10}},"11":{"start":{"line":161,"column":2},"end":{"line":174,"column":4}},"12":{"start":{"line":164,"column":8},"end":{"line":164,"column":31}},"13":{"start":{"line":166,"column":8},"end":{"line":166,"column":37}}},"fnMap":{"0":{"name":"(anonymous_0)","decl":{"start":{"line":133,"column":35},"end":{"line":133,"column":36}},"loc":{"start":{"line":137,"column":6},"end":{"line":175,"column":1}},"line":137},"1":{"name":"(anonymous_1)","decl":{"start":{"line":140,"column":26},"end":{"line":140,"column":27}},"loc":{"start":{"line":140,"column":41},"end":{"line":159,"column":3}},"line":140},"2":{"name":"(anonymous_2)","decl":{"start":{"line":144,"column":20},"end":{"line":144,"column":21}},"loc":{"start":{"line":144,"column":30},"end":{"line":158,"column":5}},"line":144},"3":{"name":"(anonymous_3)","decl":{"start":{"line":149,"column":12},"end":{"line":149,"column":13}},"loc":{"start":{"line":149,"column":32},"end":{"line":149,"column":60}},"line":149},"4":{"name":"(anonymous_4)","decl":{"start":{"line":163,"column":15},"end":{"line":163,"column":16}},"loc":{"start":{"line":163,"column":21},"end":{"line":167,"column":7}},"line":163}},"branchMap":{"0":{"loc":{"start":{"line":145,"column":6},"end":{"line":157,"column":7}},"type":"if","locations":[{"start":{"line":145,"column":6},"end":{"line":157,"column":7}},{"start":{"line":152,"column":13},"end":{"line":157,"column":7}}],"line":145},"1":{"loc":{"start":{"line":169,"column":8},"end":{"line":169,"column":48}},"type":"cond-expr","locations":[{"start":{"line":169,"column":19},"end":{"line":169,"column":30}},{"start":{"line":169,"column":33},"end":{"line":169,"column":48}}],"line":169}},"s":{"0":2,"1":2,"2":2,"3":0,"4":0,"5":0,"6":0,"7":0,"8":0,"9":0,"10":0,"11":0,"12":0,"13":0},"f":{"0":0,"1":0,"2":0,"3":0,"4":0},"b":{"0":[0,0],"1":[0,0]},"_coverageSchema":"1a1c01bbd47fc00a2c39e90264f33305004495a9","hash":"b64530768a10e56f9654e62107cefd840c3b869f"}
,"/Users/colinclarke/CODE/Colet_Mentoring2/cm_2/app/components/Effects/CelebrationAnimation.tsx": {"path":"/Users/colinclarke/CODE/Colet_Mentoring2/cm_2/app/components/Effects/CelebrationAnimation.tsx","statementMap":{"0":{"start":{"line":10,"column":57},"end":{"line":43,"column":1}},"1":{"start":{"line":15,"column":26},"end":{"line":15,"column":43}},"2":{"start":{"line":16,"column":2},"end":{"line":18,"column":3}},"3":{"start":{"line":17,"column":4},"end":{"line":17,"column":31}},"4":{"start":{"line":20,"column":2},"end":{"line":42,"column":4}}},"fnMap":{"0":{"name":"(anonymous_0)","decl":{"start":{"line":10,"column":57},"end":{"line":10,"column":58}},"loc":{"start":{"line":14,"column":6},"end":{"line":43,"column":1}},"line":14}},"branchMap":{"0":{"loc":{"start":{"line":16,"column":2},"end":{"line":18,"column":3}},"type":"if","locations":[{"start":{"line":16,"column":2},"end":{"line":18,"column":3}},{"start":{},"end":{}}],"line":16}},"s":{"0":1,"1":4,"2":4,"3":2,"4":4},"f":{"0":4},"b":{"0":[2,2]},"_coverageSchema":"1a1c01bbd47fc00a2c39e90264f33305004495a9","hash":"fe3a85abaf51dd98c4c9179b86babb35c8c147bd"}
,"/Users/colinclarke/CODE/Colet_Mentoring2/cm_2/app/components/Loading/LoadingDots.tsx": {"path":"/Users/colinclarke/CODE/Colet_Mentoring2/cm_2/app/components/Loading/LoadingDots.tsx","statementMap":{"0":{"start":{"line":8,"column":44},"end":{"line":20,"column":1}},"1":{"start":{"line":9,"column":2},"end":{"line":19,"column":4}}},"fnMap":{"0":{"name":"(anonymous_0)","decl":{"start":{"line":8,"column":44},"end":{"line":8,"column":45}},"loc":{"start":{"line":8,"column":58},"end":{"line":20,"column":1}},"line":8}},"branchMap":{},"s":{"0":1,"1":1},"f":{"0":1},"b":{},"_coverageSchema":"1a1c01bbd47fc00a2c39e90264f33305004495a9","hash":"b2f59cbb441a6ebd36dc3252fb1393a2a47ed30d"}
,"/Users/colinclarke/CODE/Colet_Mentoring2/cm_2/app/components/Loading/LoadingSpinner.tsx": {"path":"/Users/colinclarke/CODE/Colet_Mentoring2/cm_2/app/components/Loading/LoadingSpinner.tsx","statementMap":{"0":{"start":{"line":8,"column":40},"end":{"line":23,"column":1}},"1":{"start":{"line":9,"column":2},"end":{"line":22,"column":4}}},"fnMap":{"0":{"name":"(anonymous_0)","decl":{"start":{"line":8,"column":40},"end":{"line":8,"column":41}},"loc":{"start":{"line":8,"column":54},"end":{"line":23,"column":1}},"line":8}},"branchMap":{},"s":{"0":7,"1":4},"f":{"0":4},"b":{},"_coverageSchema":"1a1c01bbd47fc00a2c39e90264f33305004495a9","hash":"84f7fb9e1a4141a8bbf92533ac9b7541665674dd"}
,"/Users/colinclarke/CODE/Colet_Mentoring2/cm_2/assets/icons/Commitment.png": {"path":"/Users/colinclarke/CODE/Colet_Mentoring2/cm_2/assets/icons/Commitment.png","statementMap":{"0":{"start":{"line":1,"column":0},"end":{"line":1,"column":19}}},"fnMap":{},"branchMap":{},"s":{"0":2},"f":{},"b":{},"_coverageSchema":"1a1c01bbd47fc00a2c39e90264f33305004495a9","hash":"2d310d0e64124cfdb04a9c1fd36c43d2c806de59"}
,"/Users/colinclarke/CODE/Colet_Mentoring2/cm_2/assets/icons/Love.png": {"path":"/Users/colinclarke/CODE/Colet_Mentoring2/cm_2/assets/icons/Love.png","statementMap":{"0":{"start":{"line":1,"column":0},"end":{"line":1,"column":19}}},"fnMap":{},"branchMap":{},"s":{"0":2},"f":{},"b":{},"_coverageSchema":"1a1c01bbd47fc00a2c39e90264f33305004495a9","hash":"6e1748fd195838fa98980b80310008e027a5fd32"}
,"/Users/colinclarke/CODE/Colet_Mentoring2/cm_2/assets/icons/Achievements/Brain.png": {"path":"/Users/colinclarke/CODE/Colet_Mentoring2/cm_2/assets/icons/Achievements/Brain.png","statementMap":{"0":{"start":{"line":1,"column":0},"end":{"line":1,"column":19}}},"fnMap":{},"branchMap":{},"s":{"0":2},"f":{},"b":{},"_coverageSchema":"1a1c01bbd47fc00a2c39e90264f33305004495a9","hash":"6f7f100656e453ec85112e33081f93f8db9293be"}
,"/Users/colinclarke/CODE/Colet_Mentoring2/cm_2/assets/icons/Achievements/Calendar.png": {"path":"/Users/colinclarke/CODE/Colet_Mentoring2/cm_2/assets/icons/Achievements/Calendar.png","statementMap":{"0":{"start":{"line":1,"column":0},"end":{"line":1,"column":19}}},"fnMap":{},"branchMap":{},"s":{"0":2},"f":{},"b":{},"_coverageSchema":"1a1c01bbd47fc00a2c39e90264f33305004495a9","hash":"e13a357a487f42e212479e7333c36d6a7b591b36"}
,"/Users/colinclarke/CODE/Colet_Mentoring2/cm_2/assets/icons/Achievements/Certificate.png": {"path":"/Users/colinclarke/CODE/Colet_Mentoring2/cm_2/assets/icons/Achievements/Certificate.png","statementMap":{"0":{"start":{"line":1,"column":0},"end":{"line":1,"column":19}}},"fnMap":{},"branchMap":{},"s":{"0":2},"f":{},"b":{},"_coverageSchema":"1a1c01bbd47fc00a2c39e90264f33305004495a9","hash":"4cc9c93955f64cd11080f813c40d1d0a9e811ca5"}
,"/Users/colinclarke/CODE/Colet_Mentoring2/cm_2/assets/icons/Achievements/Concentration.png": {"path":"/Users/colinclarke/CODE/Colet_Mentoring2/cm_2/assets/icons/Achievements/Concentration.png","statementMap":{"0":{"start":{"line":1,"column":0},"end":{"line":1,"column":19}}},"fnMap":{},"branchMap":{},"s":{"0":2},"f":{},"b":{},"_coverageSchema":"1a1c01bbd47fc00a2c39e90264f33305004495a9","hash":"52ae1715ba6f6d07a14bca862fd6f8ac6d4c22e5"}
,"/Users/colinclarke/CODE/Colet_Mentoring2/cm_2/assets/icons/Achievements/Courage.png": {"path":"/Users/colinclarke/CODE/Colet_Mentoring2/cm_2/assets/icons/Achievements/Courage.png","statementMap":{"0":{"start":{"line":1,"column":0},"end":{"line":1,"column":19}}},"fnMap":{},"branchMap":{},"s":{"0":2},"f":{},"b":{},"_coverageSchema":"1a1c01bbd47fc00a2c39e90264f33305004495a9","hash":"346dfec511fc968a562dbf109301ee95de9e5866"}
,"/Users/colinclarke/CODE/Colet_Mentoring2/cm_2/assets/icons/Achievements/Fist.png": {"path":"/Users/colinclarke/CODE/Colet_Mentoring2/cm_2/assets/icons/Achievements/Fist.png","statementMap":{"0":{"start":{"line":1,"column":0},"end":{"line":1,"column":19}}},"fnMap":{},"branchMap":{},"s":{"0":2},"f":{},"b":{},"_coverageSchema":"1a1c01bbd47fc00a2c39e90264f33305004495a9","hash":"e5eb3ffcac2f02d3ea63f922f56a8bbbc62c8cbb"}
,"/Users/colinclarke/CODE/Colet_Mentoring2/cm_2/assets/icons/Achievements/Influence.png": {"path":"/Users/colinclarke/CODE/Colet_Mentoring2/cm_2/assets/icons/Achievements/Influence.png","statementMap":{"0":{"start":{"line":1,"column":0},"end":{"line":1,"column":19}}},"fnMap":{},"branchMap":{},"s":{"0":2},"f":{},"b":{},"_coverageSchema":"1a1c01bbd47fc00a2c39e90264f33305004495a9","hash":"52da17db6de0c2cc59daa2d45456a9ed7c89ada8"}
,"/Users/colinclarke/CODE/Colet_Mentoring2/cm_2/assets/icons/Achievements/Learning.png": {"path":"/Users/colinclarke/CODE/Colet_Mentoring2/cm_2/assets/icons/Achievements/Learning.png","statementMap":{"0":{"start":{"line":1,"column":0},"end":{"line":1,"column":19}}},"fnMap":{},"branchMap":{},"s":{"0":2},"f":{},"b":{},"_coverageSchema":"1a1c01bbd47fc00a2c39e90264f33305004495a9","hash":"50032e197cc760f0e252c5c515396038e33596ec"}
,"/Users/colinclarke/CODE/Colet_Mentoring2/cm_2/assets/icons/Achievements/Luck (Clover).png": {"path":"/Users/colinclarke/CODE/Colet_Mentoring2/cm_2/assets/icons/Achievements/Luck (Clover).png","statementMap":{"0":{"start":{"line":1,"column":0},"end":{"line":1,"column":19}}},"fnMap":{},"branchMap":{},"s":{"0":2},"f":{},"b":{},"_coverageSchema":"1a1c01bbd47fc00a2c39e90264f33305004495a9","hash":"3dbd280ee65dc070dac80e39c0b475a9d52a4d77"}
,"/Users/colinclarke/CODE/Colet_Mentoring2/cm_2/assets/icons/Achievements/Performance.png": {"path":"/Users/colinclarke/CODE/Colet_Mentoring2/cm_2/assets/icons/Achievements/Performance.png","statementMap":{"0":{"start":{"line":1,"column":0},"end":{"line":1,"column":19}}},"fnMap":{},"branchMap":{},"s":{"0":2},"f":{},"b":{},"_coverageSchema":"1a1c01bbd47fc00a2c39e90264f33305004495a9","hash":"aa168b56ebbd806428bcfd39fc1a1096aa3d3356"}
,"/Users/colinclarke/CODE/Colet_Mentoring2/cm_2/assets/icons/Achievements/Positivity.png": {"path":"/Users/colinclarke/CODE/Colet_Mentoring2/cm_2/assets/icons/Achievements/Positivity.png","statementMap":{"0":{"start":{"line":1,"column":0},"end":{"line":1,"column":19}}},"fnMap":{},"branchMap":{},"s":{"0":2},"f":{},"b":{},"_coverageSchema":"1a1c01bbd47fc00a2c39e90264f33305004495a9","hash":"9ced65015d773e5278e584fe25af828a8b7bcc55"}
,"/Users/colinclarke/CODE/Colet_Mentoring2/cm_2/assets/icons/Achievements/Problem Solving.png": {"path":"/Users/colinclarke/CODE/Colet_Mentoring2/cm_2/assets/icons/Achievements/Problem Solving.png","statementMap":{"0":{"start":{"line":1,"column":0},"end":{"line":1,"column":19}}},"fnMap":{},"branchMap":{},"s":{"0":2},"f":{},"b":{},"_coverageSchema":"1a1c01bbd47fc00a2c39e90264f33305004495a9","hash":"669cfac0550ed3b9d370a2671477468d8ae4622e"}
,"/Users/colinclarke/CODE/Colet_Mentoring2/cm_2/assets/icons/Achievements/Rocket.png": {"path":"/Users/colinclarke/CODE/Colet_Mentoring2/cm_2/assets/icons/Achievements/Rocket.png","statementMap":{"0":{"start":{"line":1,"column":0},"end":{"line":1,"column":19}}},"fnMap":{},"branchMap":{},"s":{"0":2},"f":{},"b":{},"_coverageSchema":"1a1c01bbd47fc00a2c39e90264f33305004495a9","hash":"a24b1412f4df1f0b5c738d32580823c3f4d0e3bc"}
,"/Users/colinclarke/CODE/Colet_Mentoring2/cm_2/assets/icons/Achievements/Speedometer.png": {"path":"/Users/colinclarke/CODE/Colet_Mentoring2/cm_2/assets/icons/Achievements/Speedometer.png","statementMap":{"0":{"start":{"line":1,"column":0},"end":{"line":1,"column":19}}},"fnMap":{},"branchMap":{},"s":{"0":2},"f":{},"b":{},"_coverageSchema":"1a1c01bbd47fc00a2c39e90264f33305004495a9","hash":"ea1dcc06d13b4a8f1f8fda8e7fdd068506e085ed"}
,"/Users/colinclarke/CODE/Colet_Mentoring2/cm_2/assets/icons/Achievements/Superhero.png": {"path":"/Users/colinclarke/CODE/Colet_Mentoring2/cm_2/assets/icons/Achievements/Superhero.png","statementMap":{"0":{"start":{"line":1,"column":0},"end":{"line":1,"column":19}}},"fnMap":{},"branchMap":{},"s":{"0":2},"f":{},"b":{},"_coverageSchema":"1a1c01bbd47fc00a2c39e90264f33305004495a9","hash":"026af49a3178a014522280bb910e9565734cb147"}
,"/Users/colinclarke/CODE/Colet_Mentoring2/cm_2/assets/icons/Achievements/calculator.png": {"path":"/Users/colinclarke/CODE/Colet_Mentoring2/cm_2/assets/icons/Achievements/calculator.png","statementMap":{"0":{"start":{"line":1,"column":0},"end":{"line":1,"column":19}}},"fnMap":{},"branchMap":{},"s":{"0":2},"f":{},"b":{},"_coverageSchema":"1a1c01bbd47fc00a2c39e90264f33305004495a9","hash":"e7a29d733764ef5587cdf27bebe38a682b746d17"}
,"/Users/colinclarke/CODE/Colet_Mentoring2/cm_2/assets/icons/Achievements/light-bulb.png": {"path":"/Users/colinclarke/CODE/Colet_Mentoring2/cm_2/assets/icons/Achievements/light-bulb.png","statementMap":{"0":{"start":{"line":1,"column":0},"end":{"line":1,"column":19}}},"fnMap":{},"branchMap":{},"s":{"0":2},"f":{},"b":{},"_coverageSchema":"1a1c01bbd47fc00a2c39e90264f33305004495a9","hash":"8d7dd6292807e5cff85ebd9d47a1967c58013942"}
,"/Users/colinclarke/CODE/Colet_Mentoring2/cm_2/assets/icons/Achievements/magic-wand.png": {"path":"/Users/colinclarke/CODE/Colet_Mentoring2/cm_2/assets/icons/Achievements/magic-wand.png","statementMap":{"0":{"start":{"line":1,"column":0},"end":{"line":1,"column":19}}},"fnMap":{},"branchMap":{},"s":{"0":2},"f":{},"b":{},"_coverageSchema":"1a1c01bbd47fc00a2c39e90264f33305004495a9","hash":"ebefbd6de722f11861f9e9c48be2ddcc17afe20b"}
}
