{"/Users/colinclarke/CODE/cm-2/app/components/CustomButton/CustomButton.tsx": {"path":"/Users/colinclarke/CODE/cm-2/app/components/CustomButton/CustomButton.tsx","statementMap":{"0":{"start":{"line":11,"column":50},"end":{"line":35,"column":1}},"1":{"start":{"line":18,"column":2},"end":{"line":34,"column":4}},"2":{"start":{"line":23,"column":8},"end":{"line":23,"column":22}}},"fnMap":{"0":{"name":"(anonymous_0)","decl":{"start":{"line":11,"column":50},"end":{"line":11,"column":51}},"loc":{"start":{"line":17,"column":6},"end":{"line":35,"column":1}},"line":17},"1":{"name":"(anonymous_1)","decl":{"start":{"line":22,"column":15},"end":{"line":22,"column":16}},"loc":{"start":{"line":22,"column":21},"end":{"line":24,"column":7}},"line":22}},"branchMap":{"0":{"loc":{"start":{"line":26,"column":8},"end":{"line":26,"column":37}},"type":"cond-expr","locations":[{"start":{"line":26,"column":20},"end":{"line":26,"column":32}},{"start":{"line":26,"column":35},"end":{"line":26,"column":37}}],"line":26}},"s":{"0":1,"1":3,"2":1},"f":{"0":3,"1":1},"b":{"0":[0,3]},"_coverageSchema":"1a1c01bbd47fc00a2c39e90264f33305004495a9","hash":"5426707866e2c7387aa4ec07a790c412dbc46683"}
,"/Users/colinclarke/CODE/cm-2/app/components/FormField/FormField.tsx": {"path":"/Users/colinclarke/CODE/cm-2/app/components/FormField/FormField.tsx","statementMap":{"0":{"start":{"line":8,"column":50},"end":{"line":21,"column":1}},"1":{"start":{"line":9,"column":22},"end":{"line":9,"column":30}},"2":{"start":{"line":11,"column":2},"end":{"line":20,"column":4}},"3":{"start":{"line":15,"column":10},"end":{"line":15,"column":24}}},"fnMap":{"0":{"name":"(anonymous_0)","decl":{"start":{"line":8,"column":50},"end":{"line":8,"column":51}},"loc":{"start":{"line":8,"column":56},"end":{"line":21,"column":1}},"line":8},"1":{"name":"(anonymous_1)","decl":{"start":{"line":9,"column":22},"end":{"line":9,"column":23}},"loc":{"start":{"line":9,"column":28},"end":{"line":9,"column":30}},"line":9},"2":{"name":"(anonymous_2)","decl":{"start":{"line":14,"column":22},"end":{"line":14,"column":23}},"loc":{"start":{"line":14,"column":28},"end":{"line":16,"column":9}},"line":14}},"branchMap":{},"s":{"0":1,"1":1,"2":1,"3":1},"f":{"0":1,"1":1,"2":1},"b":{},"_coverageSchema":"1a1c01bbd47fc00a2c39e90264f33305004495a9","hash":"cc4ab1fa3b6492e3d18e86f1e63294fd5a3e72c2"}
}
