TN:
SF:app/components/FormField/FormField.tsx
FN:28,(anonymous_0)
FN:41,(anonymous_1)
FN:45,(anonymous_2)
FN:62,(anonymous_3)
FN:66,(anonymous_4)
FN:76,(anonymous_5)
FN:86,(anonymous_6)
FN:125,(anonymous_7)
FN:131,(anonymous_8)
FNF:9
FNH:1
FNDA:1,(anonymous_0)
FNDA:0,(anonymous_1)
FNDA:0,(anonymous_2)
FNDA:0,(anonymous_3)
FNDA:0,(anonymous_4)
FNDA:0,(anonymous_5)
FNDA:0,(anonymous_6)
FNDA:0,(anonymous_7)
FNDA:0,(anonymous_8)
DA:28,1
DA:38,1
DA:39,1
DA:41,1
DA:42,0
DA:45,1
DA:46,0
DA:49,1
DA:54,1
DA:55,1
DA:56,0
DA:57,0
DA:58,0
DA:59,0
DA:62,1
DA:63,0
DA:65,0
DA:66,0
DA:67,0
DA:71,0
DA:75,0
DA:76,0
DA:77,0
DA:81,0
DA:85,0
DA:86,0
DA:87,0
DA:91,0
DA:96,1
DA:126,0
DA:131,0
LF:31
LH:10
BRDA:54,0,0,1
BRDA:54,0,1,0
BRDA:56,1,0,0
BRDA:56,1,1,0
BRDA:58,2,0,0
BRDA:58,2,1,0
BRDA:65,3,0,0
BRDA:65,3,1,0
BRDA:75,4,0,0
BRDA:75,4,1,0
BRDA:85,5,0,0
BRDA:85,5,1,0
BRDA:100,6,0,0
BRDA:100,6,1,1
BRDA:102,7,0,0
BRDA:102,7,1,1
BRDA:113,8,0,1
BRDA:113,8,1,0
BRDA:130,9,0,1
BRDA:130,9,1,1
BRDA:132,10,0,0
BRDA:132,10,1,1
BRDA:140,11,0,1
BRDA:140,11,1,0
BRF:24
BRH:8
end_of_record
