TN:
SF:app/components/Loading.tsx
FN:8,(anonymous_0)
FNF:1
FNH:0
FNDA:0,(anonymous_0)
DA:8,1
DA:9,0
LF:2
LH:1
BRF:0
BRH:0
end_of_record
TN:
SF:app/components/Auth/firebaseAuthMessages/editFirebaseAuthMessage.ts
FN:1,(anonymous_0)
FNF:1
FNH:1
FNDA:4,(anonymous_0)
DA:1,1
DA:3,4
DA:4,1
DA:5,4
DA:6,1
DA:12,4
DA:13,1
DA:16,4
DA:21,0
DA:25,4
LF:10
LH:9
BRDA:3,0,0,1
BRDA:3,0,1,3
BRDA:5,1,0,1
BRDA:5,1,1,3
BRDA:12,2,0,1
BRDA:12,2,1,3
BRDA:16,3,0,0
BRDA:16,3,1,4
BRF:8
BRH:7
end_of_record
TN:
SF:app/components/Auth/validateInputs/validateInputs.ts
FN:19,(anonymous_0)
FN:29,(anonymous_1)
FN:64,(anonymous_2)
FNF:3
FNH:3
FNDA:4,(anonymous_0)
FNDA:11,(anonymous_1)
FNDA:9,(anonymous_2)
DA:19,1
DA:23,4
DA:29,4
DA:30,11
DA:31,1
DA:36,10
DA:37,1
DA:43,9
DA:44,1
DA:48,8
DA:52,1
DA:57,7
DA:60,4
DA:62,4
DA:64,9
LF:15
LH:15
BRDA:30,0,0,1
BRDA:30,0,1,10
BRDA:30,1,0,11
BRDA:30,1,1,3
BRDA:36,2,0,1
BRDA:36,2,1,9
BRDA:36,3,0,10
BRDA:36,3,1,4
BRDA:43,4,0,1
BRDA:43,4,1,8
BRDA:43,5,0,9
BRDA:43,5,1,4
BRDA:48,6,0,1
BRDA:48,6,1,7
BRDA:49,7,0,8
BRDA:49,7,1,3
BRF:16
BRH:16
end_of_record
TN:
SF:app/components/CustomButton/CustomButton.tsx
FN:12,(anonymous_0)
FN:23,(anonymous_1)
FNF:2
FNH:2
FNDA:3,(anonymous_0)
FNDA:1,(anonymous_1)
DA:12,1
DA:19,3
DA:24,1
LF:3
LH:3
BRDA:27,0,0,0
BRDA:27,0,1,3
BRDA:31,1,0,0
BRDA:31,1,1,3
BRF:4
BRH:2
end_of_record
TN:
SF:app/components/FormField/FormField.tsx
FN:35,(anonymous_0)
FN:49,(anonymous_1)
FN:53,(anonymous_2)
FN:70,(anonymous_3)
FN:78,(anonymous_4)
FN:88,(anonymous_5)
FN:98,(anonymous_6)
FN:137,(anonymous_7)
FN:143,(anonymous_8)
FNF:9
FNH:1
FNDA:1,(anonymous_0)
FNDA:0,(anonymous_1)
FNDA:0,(anonymous_2)
FNDA:0,(anonymous_3)
FNDA:0,(anonymous_4)
FNDA:0,(anonymous_5)
FNDA:0,(anonymous_6)
FNDA:0,(anonymous_7)
FNDA:0,(anonymous_8)
DA:7,1
DA:35,1
DA:46,1
DA:47,1
DA:49,1
DA:50,0
DA:53,1
DA:54,0
DA:57,1
DA:62,1
DA:63,1
DA:64,0
DA:65,0
DA:66,0
DA:67,0
DA:70,1
DA:71,0
DA:73,0
DA:75,0
DA:77,0
DA:78,0
DA:79,0
DA:83,0
DA:87,0
DA:88,0
DA:89,0
DA:93,0
DA:97,0
DA:98,0
DA:99,0
DA:103,0
DA:108,1
DA:138,0
DA:143,0
LF:34
LH:11
BRDA:62,0,0,1
BRDA:62,0,1,0
BRDA:64,1,0,0
BRDA:64,1,1,0
BRDA:66,2,0,0
BRDA:66,2,1,0
BRDA:77,3,0,0
BRDA:77,3,1,0
BRDA:87,4,0,0
BRDA:87,4,1,0
BRDA:97,5,0,0
BRDA:97,5,1,0
BRDA:112,6,0,0
BRDA:112,6,1,1
BRDA:114,7,0,0
BRDA:114,7,1,1
BRDA:125,8,0,1
BRDA:125,8,1,0
BRDA:142,9,0,1
BRDA:142,9,1,1
BRDA:144,10,0,0
BRDA:144,10,1,1
BRDA:152,11,0,1
BRDA:152,11,1,0
BRF:24
BRH:8
end_of_record
